0 verbose cli /opt/homebrew/Cellar/node/21.7.3/bin/node /opt/homebrew/bin/npm
1 info using npm@10.5.0
2 info using node@v21.7.3
3 timing npm:load:whichnode Completed in 0ms
4 timing config:load:defaults Completed in 1ms
5 timing config:load:file:/opt/homebrew/lib/node_modules/npm/npmrc Completed in 0ms
6 timing config:load:builtin Completed in 0ms
7 timing config:load:cli Completed in 0ms
8 timing config:load:env Completed in 0ms
9 info found workspace root at /Users/ksnunes/Documents/ws/git/web-dogs
10 timing config:load:file:/Users/ksnunes/Documents/ws/git/web-dogs/.npmrc Completed in 0ms
11 timing config:load:project Completed in 5ms
12 timing config:load:file:/Users/ksnunes/.npmrc Completed in 0ms
13 timing config:load:user Completed in 0ms
14 timing config:load:file:/opt/homebrew/etc/npmrc Completed in 0ms
15 timing config:load:global Completed in 0ms
16 timing config:load:setEnvs Completed in 0ms
17 timing config:load Completed in 8ms
18 timing npm:load:configload Completed in 8ms
19 timing config:load:flatten Completed in 1ms
20 timing npm:load:mkdirpcache Completed in 0ms
21 timing npm:load:mkdirplogs Completed in 0ms
22 verbose title npm config get registry
23 verbose argv "config" "get" "registry"
24 timing npm:load:setTitle Completed in 3ms
25 timing npm:load:display Completed in 0ms
26 verbose logfile logs-max:10 dir:/Users/ksnunes/Documents/ws/git/web-dogs/.npm-cache/_logs/2025-11-04T04_34_09_425Z-
27 verbose logfile /Users/ksnunes/Documents/ws/git/web-dogs/.npm-cache/_logs/2025-11-04T04_34_09_425Z-debug-0.log
28 timing npm:load:logFile Completed in 2ms
29 timing npm:load:timers Completed in 0ms
30 timing npm:load:configScope Completed in 0ms
31 timing npm:load Completed in 18ms
32 timing command:config Completed in 0ms
33 verbose stack Error: This command does not support workspaces.
33 verbose stack     at Config.cmdExec (/opt/homebrew/lib/node_modules/npm/lib/base-command.js:136:29)
33 verbose stack     at Npm.exec (/opt/homebrew/lib/node_modules/npm/lib/npm.js:136:20)
33 verbose stack     at module.exports (/opt/homebrew/lib/node_modules/npm/lib/cli-entry.js:61:15)
34 verbose cwd /Users/ksnunes/Documents/ws/git/web-dogs/apps/shiba-departamento-rs
35 verbose Darwin 25.0.0
36 verbose node v21.7.3
37 verbose npm  v10.5.0
38 error code ENOWORKSPACES
39 error This command does not support workspaces.
40 verbose exit 1
41 timing npm Completed in 27ms
42 verbose code 1
43 error A complete log of this run can be found in: /Users/ksnunes/Documents/ws/git/web-dogs/.npm-cache/_logs/2025-11-04T04_34_09_425Z-debug-0.log
