0 verbose cli /opt/homebrew/Cellar/node/21.7.3/bin/node /opt/homebrew/bin/npm
1 info using npm@10.5.0
2 info using node@v21.7.3
3 timing npm:load:whichnode Completed in 0ms
4 timing config:load:defaults Completed in 1ms
5 timing config:load:file:/opt/homebrew/lib/node_modules/npm/npmrc Completed in 1ms
6 timing config:load:builtin Completed in 1ms
7 timing config:load:cli Completed in 1ms
8 timing config:load:env Completed in 0ms
9 timing config:load:file:/Users/ksnunes/Documents/ws/git/web-dogs/.npmrc Completed in 0ms
10 timing config:load:project Completed in 1ms
11 timing config:load:file:/Users/ksnunes/.npmrc Completed in 0ms
12 timing config:load:user Completed in 0ms
13 timing config:load:file:/opt/homebrew/etc/npmrc Completed in 0ms
14 timing config:load:global Completed in 0ms
15 timing config:load:setEnvs Completed in 1ms
16 timing config:load Completed in 5ms
17 timing npm:load:configload Completed in 5ms
18 timing config:load:flatten Completed in 1ms
19 timing npm:load:mkdirpcache Completed in 0ms
20 timing npm:load:mkdirplogs Completed in 0ms
21 verbose title npm run build
22 verbose argv "--workspace" "@apps/shiba-departamento-rs" "run" "build"
23 timing npm:load:setTitle Completed in 0ms
24 timing npm:load:display Completed in 1ms
25 verbose logfile logs-max:10 dir:/Users/ksnunes/Documents/ws/git/web-dogs/.npm-cache/_logs/2025-11-04T04_30_06_966Z-
26 verbose logfile /Users/ksnunes/Documents/ws/git/web-dogs/.npm-cache/_logs/2025-11-04T04_30_06_966Z-debug-0.log
27 timing npm:load:logFile Completed in 3ms
28 timing npm:load:timers Completed in 0ms
29 timing npm:load:configScope Completed in 0ms
30 timing npm:load Completed in 16ms
31 silly logfile done cleaning log files
32 error Lifecycle script `build` failed with error:
33 error Error: command failed
34 error   in workspace: @apps/shiba-departamento-rs
35 error   at location: /Users/ksnunes/Documents/ws/git/web-dogs/apps/shiba-departamento-rs
36 timing command:run Completed in 256ms
37 verbose exit 1
38 timing npm Completed in 282ms
39 verbose code 1
